2023-08-14T00:42:08,663043 1 0x00007f44aee35700    info KurentoWebRtcEndpointImpl WebRtcEndpointImpl.cpp:572 WebRtcEndpointImpl()  No QOS-DSCP value set
2023-08-14T00:42:08,663638 1 0x00007f44aee35700    info KurentoWebRtcEndpointImpl WebRtcEndpointImpl.cpp:112 remove_not_supported_codecs_from_array() <kmswebrtcendpoint8>  Removing not supported codec 'AMR/8000'
2023-08-14T00:42:08,664789 1 0x00007f44aee35700    info kmsutils                  kmsutils.c:522 kms_utils_pad_monitor_gaps() <'':sink_video_default>  Add probe: DISCONT buffers and GAP events
2023-08-14T00:42:08,719395 1 0x00007f44b1e3b700    info basertpendpoint           kmsbasertpendpoint.c:1158 kms_base_rtp_endpoint_start_transport_send() <kmswebrtcendpoint8>  Media 'video' has REMB
2023-08-14T00:42:08,719479 1 0x00007f44b1e3b700    info basertpendpoint           kmsbasertpendpoint.c:1103 kms_base_rtp_endpoint_create_remb_manager() <kmswebrtcendpoint8>  Creating REMB for session ID 0 (kmswebrtcendpoint8-sess0) and remote video SSRC 1291478914
2023-08-14T00:42:08,719515 1 0x00007f44b1e3b700    info basertpendpoint           kmsbasertpendpoint.c:1114 kms_base_rtp_endpoint_create_remb_manager() <kmswebrtcendpoint8>  REMB: Set RTCP min interval to 500 ms
2023-08-14T00:42:08,722429 1 0x00007f44ae634700    info kmswebrtcsession          kmswebrtcsession.c:825 kms_webrtc_session_set_stun_server_info() <kmswebrtcsession8>  Using STUN server: 43.201.150.143:3478
2023-08-14T00:42:10,218316 1 0x00007f44227fc700    info kmsutils                  kmsutils.c:522 kms_utils_pad_monitor_gaps() <'':sink_video_default>  Add probe: DISCONT buffers and GAP events
2023-08-14T00:42:10,236129 1 0x00007f44227fc700    info basertpendpoint           kmsbasertpendpoint.c:1956 kms_base_rtp_endpoint_jitterbuffer_set_latency() <rtpjitterbuffer12>  Add probe: Set jitterbuffer latency
2023-08-14T00:42:10,236182 1 0x00007f44227fc700    info basertpendpoint           kmsbasertpendpoint.c:2005 kms_base_rtp_endpoint_jitterbuffer_monitor_rtp_out() <rtpjitterbuffer12>  Add probe: Adjust jitterbuffer PTS out
2023-08-14T00:42:10,236600 1 0x00007f44227fc700    info basertpendpoint           kmsbasertpendpoint.c:2050 kms_base_rtp_endpoint_jitterbuffer_monitor_rtcp_in() <rtpjitterbuffer12>  Add probe: Get jitterbuffer RTCP SR timing
2023-08-14T00:42:10,236784 1 0x00007f447dffb700    info basertpendpoint           kmsbasertpendpoint.c:1941 kms_base_rtp_endpoint_jitterbuffer_set_latency_probe() <rtpjitterbuffer12>  Setting latency to 500 ms
2023-08-14T00:42:10,236884 1 0x00007f447dffb700    info basertpendpoint           kmsbasertpendpoint.c:1944 kms_base_rtp_endpoint_jitterbuffer_set_latency_probe() <rtpjitterbuffer12>  Jitterbuffer latency set; remove probe
2023-08-14T00:42:10,237951 1 0x00007f447dffb700    info kmsutils                  kmsutils.c:1515 kms_utils_depayloader_monitor_pts_out() <rtpvp8depay6>  Add probe: Adjust depayloader PTS out
2023-08-14T00:42:10,242088 1 0x00007f447dffb700    info kmsutils                  kmsutils.c:522 kms_utils_pad_monitor_gaps() <kmswebrtcendpoint8_kmsagnosticbin2-26:sink>  Add probe: DISCONT buffers and GAP events
2023-08-14T00:42:10,244047 1 0x00007f4461ffb700    info kmsutils                  kmsutils.c:522 kms_utils_pad_monitor_gaps() <kmsagnosticbin2-25:sink>  Add probe: DISCONT buffers and GAP events
2023-08-14T00:42:10,263250 1 0x00007f44227fc700    info basertpendpoint           kmsbasertpendpoint.c:1956 kms_base_rtp_endpoint_jitterbuffer_set_latency() <rtpjitterbuffer13>  Add probe: Set jitterbuffer latency
2023-08-14T00:42:10,263301 1 0x00007f44227fc700    info basertpendpoint           kmsbasertpendpoint.c:2005 kms_base_rtp_endpoint_jitterbuffer_monitor_rtp_out() <rtpjitterbuffer13>  Add probe: Adjust jitterbuffer PTS out
2023-08-14T00:42:10,263604 1 0x00007f44227fc700    info basertpendpoint           kmsbasertpendpoint.c:2050 kms_base_rtp_endpoint_jitterbuffer_monitor_rtcp_in() <rtpjitterbuffer13>  Add probe: Get jitterbuffer RTCP SR timing
2023-08-14T00:42:10,263793 1 0x00007f443bfff700    info basertpendpoint           kmsbasertpendpoint.c:1941 kms_base_rtp_endpoint_jitterbuffer_set_latency_probe() <rtpjitterbuffer13>  Setting latency to 100 ms
2023-08-14T00:42:10,263912 1 0x00007f443bfff700    info basertpendpoint           kmsbasertpendpoint.c:1944 kms_base_rtp_endpoint_jitterbuffer_set_latency_probe() <rtpjitterbuffer13>  Jitterbuffer latency set; remove probe
2023-08-14T00:42:10,264745 1 0x00007f443bfff700    info kmsutils                  kmsutils.c:1515 kms_utils_depayloader_monitor_pts_out() <rtpopusdepay6>  Add probe: Adjust depayloader PTS out
2023-08-14T00:52:55,944378 1 0x00007f447dffb700 warning kmsutils                  kmsutils.c:481 discont_detection_probe() <kmswebrtcendpoint8_kmsagnosticbin2-26:sink>  DISCONTINUITY at non-keyframe; will drop until keyframe
2023-08-14T01:41:48,330240 1 0x00007f44aee35700    info KurentoWebRtcEndpointImpl WebRtcEndpointImpl.cpp:572 WebRtcEndpointImpl()  No QOS-DSCP value set
2023-08-14T01:41:48,330326 1 0x00007f44aee35700    info KurentoWebRtcEndpointImpl WebRtcEndpointImpl.cpp:112 remove_not_supported_codecs_from_array() <kmswebrtcendpoint9>  Removing not supported codec 'AMR/8000'
2023-08-14T01:41:48,331479 1 0x00007f44aee35700    info kmsutils                  kmsutils.c:522 kms_utils_pad_monitor_gaps() <'':sink_video_default>  Add probe: DISCONT buffers and GAP events
2023-08-14T01:41:48,346977 1 0x00007f44af636700    info basertpendpoint           kmsbasertpendpoint.c:1158 kms_base_rtp_endpoint_start_transport_send() <kmswebrtcendpoint9>  Media 'video' has REMB
2023-08-14T01:41:48,347034 1 0x00007f44af636700    info basertpendpoint           kmsbasertpendpoint.c:1103 kms_base_rtp_endpoint_create_remb_manager() <kmswebrtcendpoint9>  Creating REMB for session ID 0 (kmswebrtcendpoint9-sess0) and remote video SSRC 1535892558
2023-08-14T01:41:48,347067 1 0x00007f44af636700    info basertpendpoint           kmsbasertpendpoint.c:1114 kms_base_rtp_endpoint_create_remb_manager() <kmswebrtcendpoint9>  REMB: Set RTCP min interval to 500 ms
2023-08-14T01:41:48,349817 1 0x00007f44afe37700    info kmswebrtcsession          kmswebrtcsession.c:825 kms_webrtc_session_set_stun_server_info() <kmswebrtcsession9>  Using STUN server: 43.201.150.143:3478
2023-08-14T01:41:48,823817 1 0x00007f44227fc700    info kmsutils                  kmsutils.c:522 kms_utils_pad_monitor_gaps() <'':sink_video_default>  Add probe: DISCONT buffers and GAP events
2023-08-14T01:41:48,851037 1 0x00007f44227fc700    info basertpendpoint           kmsbasertpendpoint.c:1956 kms_base_rtp_endpoint_jitterbuffer_set_latency() <rtpjitterbuffer14>  Add probe: Set jitterbuffer latency
2023-08-14T01:41:48,851095 1 0x00007f44227fc700    info basertpendpoint           kmsbasertpendpoint.c:2005 kms_base_rtp_endpoint_jitterbuffer_monitor_rtp_out() <rtpjitterbuffer14>  Add probe: Adjust jitterbuffer PTS out
2023-08-14T01:41:48,851489 1 0x00007f44227fc700    info basertpendpoint           kmsbasertpendpoint.c:2050 kms_base_rtp_endpoint_jitterbuffer_monitor_rtcp_in() <rtpjitterbuffer14>  Add probe: Get jitterbuffer RTCP SR timing
2023-08-14T01:41:48,851665 1 0x00007f4462ffd700    info basertpendpoint           kmsbasertpendpoint.c:1941 kms_base_rtp_endpoint_jitterbuffer_set_latency_probe() <rtpjitterbuffer14>  Setting latency to 100 ms
2023-08-14T01:41:48,851776 1 0x00007f4462ffd700    info basertpendpoint           kmsbasertpendpoint.c:1944 kms_base_rtp_endpoint_jitterbuffer_set_latency_probe() <rtpjitterbuffer14>  Jitterbuffer latency set; remove probe
2023-08-14T01:41:48,852884 1 0x00007f4462ffd700    info kmsutils                  kmsutils.c:1515 kms_utils_depayloader_monitor_pts_out() <rtpopusdepay7>  Add probe: Adjust depayloader PTS out
2023-08-14T01:41:48,854693 1 0x00007f4462ffd700 warning kmsutils                  kmsutils.c:1456 kms_utils_depayloader_adjust_pts_out() <rtpopusdepay7>  Fix PTS not strictly increasing, last: 0:00:00.849817412, current: 0:00:00.849817412, fixed = last + 1: 0:00:00.850817412
2023-08-14T01:41:48,860553 1 0x00007f44227fc700    info basertpendpoint           kmsbasertpendpoint.c:1956 kms_base_rtp_endpoint_jitterbuffer_set_latency() <rtpjitterbuffer15>  Add probe: Set jitterbuffer latency
2023-08-14T01:41:48,860625 1 0x00007f44227fc700    info basertpendpoint           kmsbasertpendpoint.c:2005 kms_base_rtp_endpoint_jitterbuffer_monitor_rtp_out() <rtpjitterbuffer15>  Add probe: Adjust jitterbuffer PTS out
2023-08-14T01:41:48,861070 1 0x00007f44227fc700    info basertpendpoint           kmsbasertpendpoint.c:2050 kms_base_rtp_endpoint_jitterbuffer_monitor_rtcp_in() <rtpjitterbuffer15>  Add probe: Get jitterbuffer RTCP SR timing
2023-08-14T01:41:48,861250 1 0x00007f4460ff9700    info basertpendpoint           kmsbasertpendpoint.c:1941 kms_base_rtp_endpoint_jitterbuffer_set_latency_probe() <rtpjitterbuffer15>  Setting latency to 500 ms
2023-08-14T01:41:48,861337 1 0x00007f4460ff9700    info basertpendpoint           kmsbasertpendpoint.c:1944 kms_base_rtp_endpoint_jitterbuffer_set_latency_probe() <rtpjitterbuffer15>  Jitterbuffer latency set; remove probe
2023-08-14T01:41:48,862139 1 0x00007f4460ff9700    info kmsutils                  kmsutils.c:1515 kms_utils_depayloader_monitor_pts_out() <rtpvp8depay7>  Add probe: Adjust depayloader PTS out
2023-08-14T01:41:48,868346 1 0x00007f4460ff9700    info kmsutils                  kmsutils.c:522 kms_utils_pad_monitor_gaps() <kmswebrtcendpoint9_kmsagnosticbin2-31:sink>  Add probe: DISCONT buffers and GAP events
2023-08-14T01:41:48,870176 1 0x00007f443b7fe700    info kmsutils                  kmsutils.c:522 kms_utils_pad_monitor_gaps() <kmsagnosticbin2-29:sink>  Add probe: DISCONT buffers and GAP events
2023-08-14T02:59:04,042817 1 0x00007f44b1e3b700    info KurentoWebRtcEndpointImpl WebRtcEndpointImpl.cpp:572 WebRtcEndpointImpl()  No QOS-DSCP value set
2023-08-14T02:59:04,042898 1 0x00007f44b1e3b700    info KurentoWebRtcEndpointImpl WebRtcEndpointImpl.cpp:112 remove_not_supported_codecs_from_array() <kmswebrtcendpoint10>  Removing not supported codec 'AMR/8000'
2023-08-14T02:59:04,043884 1 0x00007f44b1e3b700    info kmsutils                  kmsutils.c:522 kms_utils_pad_monitor_gaps() <'':sink_video_default>  Add probe: DISCONT buffers and GAP events
2023-08-14T02:59:04,063422 1 0x00007f44af636700    info basertpendpoint           kmsbasertpendpoint.c:1158 kms_base_rtp_endpoint_start_transport_send() <kmswebrtcendpoint10>  Media 'video' has REMB
2023-08-14T02:59:04,063486 1 0x00007f44af636700    info basertpendpoint           kmsbasertpendpoint.c:1103 kms_base_rtp_endpoint_create_remb_manager() <kmswebrtcendpoint10>  Creating REMB for session ID 0 (kmswebrtcendpoint10-sess0) and remote video SSRC 3444126932
2023-08-14T02:59:04,063520 1 0x00007f44af636700    info basertpendpoint           kmsbasertpendpoint.c:1114 kms_base_rtp_endpoint_create_remb_manager() <kmswebrtcendpoint10>  REMB: Set RTCP min interval to 500 ms
2023-08-14T02:59:04,066279 1 0x00007f44aee35700    info kmswebrtcsession          kmswebrtcsession.c:825 kms_webrtc_session_set_stun_server_info() <kmswebrtcsession10>  Using STUN server: 43.201.150.143:3478
2023-08-14T02:59:05,549477 1 0x00007f44227fc700    info kmsutils                  kmsutils.c:522 kms_utils_pad_monitor_gaps() <'':sink_video_default>  Add probe: DISCONT buffers and GAP events
2023-08-14T02:59:05,588719 1 0x00007f44227fc700    info basertpendpoint           kmsbasertpendpoint.c:1956 kms_base_rtp_endpoint_jitterbuffer_set_latency() <rtpjitterbuffer16>  Add probe: Set jitterbuffer latency
2023-08-14T02:59:05,588799 1 0x00007f44227fc700    info basertpendpoint           kmsbasertpendpoint.c:2005 kms_base_rtp_endpoint_jitterbuffer_monitor_rtp_out() <rtpjitterbuffer16>  Add probe: Adjust jitterbuffer PTS out
2023-08-14T02:59:05,589193 1 0x00007f44227fc700    info basertpendpoint           kmsbasertpendpoint.c:2050 kms_base_rtp_endpoint_jitterbuffer_monitor_rtcp_in() <rtpjitterbuffer16>  Add probe: Get jitterbuffer RTCP SR timing
2023-08-14T02:59:05,589410 1 0x00007f447dffb700    info basertpendpoint           kmsbasertpendpoint.c:1941 kms_base_rtp_endpoint_jitterbuffer_set_latency_probe() <rtpjitterbuffer16>  Setting latency to 100 ms
2023-08-14T02:59:05,589512 1 0x00007f447dffb700    info basertpendpoint           kmsbasertpendpoint.c:1944 kms_base_rtp_endpoint_jitterbuffer_set_latency_probe() <rtpjitterbuffer16>  Jitterbuffer latency set; remove probe
2023-08-14T02:59:05,590542 1 0x00007f447dffb700    info kmsutils                  kmsutils.c:1515 kms_utils_depayloader_monitor_pts_out() <rtpopusdepay8>  Add probe: Adjust depayloader PTS out
2023-08-14T02:59:06,655562 1 0x00007f44227fc700    info basertpendpoint           kmsbasertpendpoint.c:1956 kms_base_rtp_endpoint_jitterbuffer_set_latency() <rtpjitterbuffer17>  Add probe: Set jitterbuffer latency
2023-08-14T02:59:06,655652 1 0x00007f44227fc700    info basertpendpoint           kmsbasertpendpoint.c:2005 kms_base_rtp_endpoint_jitterbuffer_monitor_rtp_out() <rtpjitterbuffer17>  Add probe: Adjust jitterbuffer PTS out
2023-08-14T02:59:06,656062 1 0x00007f44227fc700    info basertpendpoint           kmsbasertpendpoint.c:2050 kms_base_rtp_endpoint_jitterbuffer_monitor_rtcp_in() <rtpjitterbuffer17>  Add probe: Get jitterbuffer RTCP SR timing
2023-08-14T02:59:06,656243 1 0x00007f447dffb700 warning kmsutils                  kmsutils.c:1456 kms_utils_depayloader_adjust_pts_out() <rtpopusdepay8>  Fix PTS not strictly increasing, last: 0:00:02.966854616, current: 0:00:02.966854616, fixed = last + 1: 0:00:02.967854616
2023-08-14T02:59:06,656502 1 0x00007f443bfff700    info basertpendpoint           kmsbasertpendpoint.c:1941 kms_base_rtp_endpoint_jitterbuffer_set_latency_probe() <rtpjitterbuffer17>  Setting latency to 500 ms
2023-08-14T02:59:06,656635 1 0x00007f443bfff700    info basertpendpoint           kmsbasertpendpoint.c:1944 kms_base_rtp_endpoint_jitterbuffer_set_latency_probe() <rtpjitterbuffer17>  Jitterbuffer latency set; remove probe
2023-08-14T02:59:06,657686 1 0x00007f443bfff700    info kmsutils                  kmsutils.c:1515 kms_utils_depayloader_monitor_pts_out() <rtpvp8depay8>  Add probe: Adjust depayloader PTS out
2023-08-14T02:59:06,673606 1 0x00007f443bfff700    info kmsutils                  kmsutils.c:522 kms_utils_pad_monitor_gaps() <kmswebrtcendpoint10_kmsagnosticbin2-35:sink>  Add probe: DISCONT buffers and GAP events
2023-08-14T02:59:06,675640 1 0x00007f443b7fe700    info kmsutils                  kmsutils.c:522 kms_utils_pad_monitor_gaps() <kmsagnosticbin2-33:sink>  Add probe: DISCONT buffers and GAP events
2023-08-14T04:40:37,053260 1 0x00007f44b718b280    info KurentoMediaSet           MediaSet.cpp:109 deleteMediaSet()  Destroying mediaSet
2023-08-14T04:40:37,054164 1 0x00007f44b718b280    info KurentoMediaServer        main.cpp:266 main()  Kurento Media Server stopped
