2023-08-16T00:24:07,303077 1 0x00007fbc174af700    info KurentoWebRtcEndpointImpl WebRtcEndpointImpl.cpp:572 WebRtcEndpointImpl()  No QOS-DSCP value set
2023-08-16T00:24:07,303721 1 0x00007fbc174af700    info KurentoWebRtcEndpointImpl WebRtcEndpointImpl.cpp:112 remove_not_supported_codecs_from_array() <kmswebrtcendpoint6>  Removing not supported codec 'AMR/8000'
2023-08-16T00:24:07,304862 1 0x00007fbc174af700    info kmsutils                  kmsutils.c:522 kms_utils_pad_monitor_gaps() <'':sink_video_default>  Add probe: DISCONT buffers and GAP events
2023-08-16T00:24:07,319553 1 0x00007fbc16cae700    info basertpendpoint           kmsbasertpendpoint.c:1158 kms_base_rtp_endpoint_start_transport_send() <kmswebrtcendpoint6>  Media 'video' has REMB
2023-08-16T00:24:07,319613 1 0x00007fbc16cae700    info basertpendpoint           kmsbasertpendpoint.c:1103 kms_base_rtp_endpoint_create_remb_manager() <kmswebrtcendpoint6>  Creating REMB for session ID 0 (kmswebrtcendpoint6-sess0) and remote video SSRC 2251040912
2023-08-16T00:24:07,319647 1 0x00007fbc16cae700    info basertpendpoint           kmsbasertpendpoint.c:1114 kms_base_rtp_endpoint_create_remb_manager() <kmswebrtcendpoint6>  REMB: Set RTCP min interval to 500 ms
2023-08-16T00:24:07,322523 1 0x00007fbc17cb0700    info kmswebrtcsession          kmswebrtcsession.c:825 kms_webrtc_session_set_stun_server_info() <kmswebrtcsession6>  Using STUN server: 43.201.150.143:3478
2023-08-16T00:24:08,859499 1 0x00007fbc11731700    info kmsutils                  kmsutils.c:522 kms_utils_pad_monitor_gaps() <'':sink_video_default>  Add probe: DISCONT buffers and GAP events
2023-08-16T00:24:08,882031 1 0x00007fbc11731700    info basertpendpoint           kmsbasertpendpoint.c:1956 kms_base_rtp_endpoint_jitterbuffer_set_latency() <rtpjitterbuffer8>  Add probe: Set jitterbuffer latency
2023-08-16T00:24:08,882107 1 0x00007fbc11731700    info basertpendpoint           kmsbasertpendpoint.c:2005 kms_base_rtp_endpoint_jitterbuffer_monitor_rtp_out() <rtpjitterbuffer8>  Add probe: Adjust jitterbuffer PTS out
2023-08-16T00:24:08,882473 1 0x00007fbc11731700    info basertpendpoint           kmsbasertpendpoint.c:2050 kms_base_rtp_endpoint_jitterbuffer_monitor_rtcp_in() <rtpjitterbuffer8>  Add probe: Get jitterbuffer RTCP SR timing
2023-08-16T00:24:08,882654 1 0x00007fbc11f32700    info basertpendpoint           kmsbasertpendpoint.c:1941 kms_base_rtp_endpoint_jitterbuffer_set_latency_probe() <rtpjitterbuffer8>  Setting latency to 500 ms
2023-08-16T00:24:08,882754 1 0x00007fbc11f32700    info basertpendpoint           kmsbasertpendpoint.c:1944 kms_base_rtp_endpoint_jitterbuffer_set_latency_probe() <rtpjitterbuffer8>  Jitterbuffer latency set; remove probe
2023-08-16T00:24:08,883819 1 0x00007fbc11f32700    info kmsutils                  kmsutils.c:1515 kms_utils_depayloader_monitor_pts_out() <rtpvp8depay4>  Add probe: Adjust depayloader PTS out
2023-08-16T00:24:08,885100 1 0x00007fbc11731700    info basertpendpoint           kmsbasertpendpoint.c:1956 kms_base_rtp_endpoint_jitterbuffer_set_latency() <rtpjitterbuffer9>  Add probe: Set jitterbuffer latency
2023-08-16T00:24:08,885151 1 0x00007fbc11731700    info basertpendpoint           kmsbasertpendpoint.c:2005 kms_base_rtp_endpoint_jitterbuffer_monitor_rtp_out() <rtpjitterbuffer9>  Add probe: Adjust jitterbuffer PTS out
2023-08-16T00:24:08,885415 1 0x00007fbc11731700    info basertpendpoint           kmsbasertpendpoint.c:2050 kms_base_rtp_endpoint_jitterbuffer_monitor_rtcp_in() <rtpjitterbuffer9>  Add probe: Get jitterbuffer RTCP SR timing
2023-08-16T00:24:08,885601 1 0x00007fbbd0ff9700    info basertpendpoint           kmsbasertpendpoint.c:1941 kms_base_rtp_endpoint_jitterbuffer_set_latency_probe() <rtpjitterbuffer9>  Setting latency to 100 ms
2023-08-16T00:24:08,885666 1 0x00007fbc11f32700    info kmsutils                  kmsutils.c:522 kms_utils_pad_monitor_gaps() <kmswebrtcendpoint6_kmsagnosticbin2-18:sink>  Add probe: DISCONT buffers and GAP events
2023-08-16T00:24:08,885679 1 0x00007fbbd0ff9700    info basertpendpoint           kmsbasertpendpoint.c:1944 kms_base_rtp_endpoint_jitterbuffer_set_latency_probe() <rtpjitterbuffer9>  Jitterbuffer latency set; remove probe
2023-08-16T00:24:08,886759 1 0x00007fbbd0ff9700    info kmsutils                  kmsutils.c:1515 kms_utils_depayloader_monitor_pts_out() <rtpopusdepay4>  Add probe: Adjust depayloader PTS out
2023-08-16T00:24:08,888579 1 0x00007fbbb3fff700    info kmsutils                  kmsutils.c:522 kms_utils_pad_monitor_gaps() <kmsagnosticbin2-17:sink>  Add probe: DISCONT buffers and GAP events
2023-08-16T00:24:09,375106 1 0x00007fbc11f32700 warning rtpsynchronizer           kmsrtpsynchronizer.c:545 kms_rtp_synchronizer_process_rtp_buffer_mapped() <KmsRtpSynchronizer@0x7fbc04051ad0>  [Sorted mode] Fix PTS not increasing monotonically, SSRC: 2251040912, seq: 25613, rtp_ts: 2418946816, ext_ts: 2418946816, last: 0:00:02.764624351, current: 0:00:02.750577016, fixed = last: 0:00:02.764624351
2023-08-16T00:24:09,375220 1 0x00007fbc11f32700 warning kmsutils                  kmsutils.c:1456 kms_utils_depayloader_adjust_pts_out() <rtpvp8depay4>  Fix PTS not strictly increasing, last: 0:00:02.764624351, current: 0:00:02.764624351, fixed = last + 1: 0:00:02.765624351
2023-08-16T00:32:51,343741 1 0x00007fbc15cac700    info KurentoWebRtcEndpointImpl WebRtcEndpointImpl.cpp:572 WebRtcEndpointImpl()  No QOS-DSCP value set
2023-08-16T00:32:51,343822 1 0x00007fbc15cac700    info KurentoWebRtcEndpointImpl WebRtcEndpointImpl.cpp:112 remove_not_supported_codecs_from_array() <kmswebrtcendpoint7>  Removing not supported codec 'AMR/8000'
2023-08-16T00:32:51,344920 1 0x00007fbc15cac700    info kmsutils                  kmsutils.c:522 kms_utils_pad_monitor_gaps() <'':sink_video_default>  Add probe: DISCONT buffers and GAP events
2023-08-16T00:32:51,362136 1 0x00007fbc18cb2700    info basertpendpoint           kmsbasertpendpoint.c:1158 kms_base_rtp_endpoint_start_transport_send() <kmswebrtcendpoint7>  Media 'video' has REMB
2023-08-16T00:32:51,362199 1 0x00007fbc18cb2700    info basertpendpoint           kmsbasertpendpoint.c:1103 kms_base_rtp_endpoint_create_remb_manager() <kmswebrtcendpoint7>  Creating REMB for session ID 0 (kmswebrtcendpoint7-sess0) and remote video SSRC 2967406164
2023-08-16T00:32:51,362239 1 0x00007fbc18cb2700    info basertpendpoint           kmsbasertpendpoint.c:1114 kms_base_rtp_endpoint_create_remb_manager() <kmswebrtcendpoint7>  REMB: Set RTCP min interval to 500 ms
2023-08-16T00:32:51,365222 1 0x00007fbc164ad700    info kmswebrtcsession          kmswebrtcsession.c:825 kms_webrtc_session_set_stun_server_info() <kmswebrtcsession7>  Using STUN server: 43.201.150.143:3478
2023-08-16T00:32:52,855971 1 0x00007fbc11731700    info kmsutils                  kmsutils.c:522 kms_utils_pad_monitor_gaps() <'':sink_video_default>  Add probe: DISCONT buffers and GAP events
2023-08-16T00:32:52,876804 1 0x00007fbc11731700    info basertpendpoint           kmsbasertpendpoint.c:1956 kms_base_rtp_endpoint_jitterbuffer_set_latency() <rtpjitterbuffer10>  Add probe: Set jitterbuffer latency
2023-08-16T00:32:52,876861 1 0x00007fbc11731700    info basertpendpoint           kmsbasertpendpoint.c:2005 kms_base_rtp_endpoint_jitterbuffer_monitor_rtp_out() <rtpjitterbuffer10>  Add probe: Adjust jitterbuffer PTS out
2023-08-16T00:32:52,877238 1 0x00007fbc11731700    info basertpendpoint           kmsbasertpendpoint.c:2050 kms_base_rtp_endpoint_jitterbuffer_monitor_rtcp_in() <rtpjitterbuffer10>  Add probe: Get jitterbuffer RTCP SR timing
2023-08-16T00:32:52,877433 1 0x00007fbbd17fa700    info basertpendpoint           kmsbasertpendpoint.c:1941 kms_base_rtp_endpoint_jitterbuffer_set_latency_probe() <rtpjitterbuffer10>  Setting latency to 500 ms
2023-08-16T00:32:52,877532 1 0x00007fbbd17fa700    info basertpendpoint           kmsbasertpendpoint.c:1944 kms_base_rtp_endpoint_jitterbuffer_set_latency_probe() <rtpjitterbuffer10>  Jitterbuffer latency set; remove probe
2023-08-16T00:32:52,878602 1 0x00007fbbd17fa700    info kmsutils                  kmsutils.c:1515 kms_utils_depayloader_monitor_pts_out() <rtpvp8depay5>  Add probe: Adjust depayloader PTS out
2023-08-16T00:32:52,882557 1 0x00007fbbd17fa700    info kmsutils                  kmsutils.c:522 kms_utils_pad_monitor_gaps() <kmswebrtcendpoint7_kmsagnosticbin2-22:sink>  Add probe: DISCONT buffers and GAP events
2023-08-16T00:32:52,884794 1 0x00007fbbb3fff700    info kmsutils                  kmsutils.c:522 kms_utils_pad_monitor_gaps() <kmsagnosticbin2-21:sink>  Add probe: DISCONT buffers and GAP events
2023-08-16T00:32:52,896712 1 0x00007fbc11731700    info basertpendpoint           kmsbasertpendpoint.c:1956 kms_base_rtp_endpoint_jitterbuffer_set_latency() <rtpjitterbuffer11>  Add probe: Set jitterbuffer latency
2023-08-16T00:32:52,896767 1 0x00007fbc11731700    info basertpendpoint           kmsbasertpendpoint.c:2005 kms_base_rtp_endpoint_jitterbuffer_monitor_rtp_out() <rtpjitterbuffer11>  Add probe: Adjust jitterbuffer PTS out
2023-08-16T00:32:52,897102 1 0x00007fbc11731700    info basertpendpoint           kmsbasertpendpoint.c:2050 kms_base_rtp_endpoint_jitterbuffer_monitor_rtcp_in() <rtpjitterbuffer11>  Add probe: Get jitterbuffer RTCP SR timing
2023-08-16T00:32:52,897276 1 0x00007fbbb2ffd700    info basertpendpoint           kmsbasertpendpoint.c:1941 kms_base_rtp_endpoint_jitterbuffer_set_latency_probe() <rtpjitterbuffer11>  Setting latency to 100 ms
2023-08-16T00:32:52,897377 1 0x00007fbbb2ffd700    info basertpendpoint           kmsbasertpendpoint.c:1944 kms_base_rtp_endpoint_jitterbuffer_set_latency_probe() <rtpjitterbuffer11>  Jitterbuffer latency set; remove probe
2023-08-16T00:32:52,898172 1 0x00007fbbb2ffd700    info kmsutils                  kmsutils.c:1515 kms_utils_depayloader_monitor_pts_out() <rtpopusdepay5>  Add probe: Adjust depayloader PTS out
2023-08-16T01:12:18,357614 1 0x00007fbc1e803280    info KurentoMediaSet           MediaSet.cpp:94 deleteMediaSet()  Destroying 1 pipelines that are already alive
2023-08-16T01:12:18,361215 1 0x00007fbc1e803280    info KurentoMediaSet           MediaSet.cpp:109 deleteMediaSet()  Destroying mediaSet
2023-08-16T01:12:18,363483 1 0x00007fbc1e803280    info KurentoMediaServer        main.cpp:266 main()  Kurento Media Server stopped
