2023-08-17T00:16:10,635631 1 0x00007f4574aec700    info KurentoWebRtcEndpointImpl WebRtcEndpointImpl.cpp:572 WebRtcEndpointImpl()  No QOS-DSCP value set
2023-08-17T00:16:10,636365 1 0x00007f4574aec700    info KurentoWebRtcEndpointImpl WebRtcEndpointImpl.cpp:112 remove_not_supported_codecs_from_array() <kmswebrtcendpoint45>  Removing not supported codec 'AMR/8000'
2023-08-17T00:16:10,637523 1 0x00007f4574aec700    info kmsutils                  kmsutils.c:522 kms_utils_pad_monitor_gaps() <'':sink_video_default>  Add probe: DISCONT buffers and GAP events
2023-08-17T00:16:10,650873 1 0x00007f45752ed700    info basertpendpoint           kmsbasertpendpoint.c:1158 kms_base_rtp_endpoint_start_transport_send() <kmswebrtcendpoint45>  Media 'video' has REMB
2023-08-17T00:16:10,650939 1 0x00007f45752ed700    info basertpendpoint           kmsbasertpendpoint.c:1103 kms_base_rtp_endpoint_create_remb_manager() <kmswebrtcendpoint45>  Creating REMB for session ID 0 (kmswebrtcendpoint45-sess0) and remote video SSRC 1709634097
2023-08-17T00:16:10,650974 1 0x00007f45752ed700    info basertpendpoint           kmsbasertpendpoint.c:1114 kms_base_rtp_endpoint_create_remb_manager() <kmswebrtcendpoint45>  REMB: Set RTCP min interval to 500 ms
2023-08-17T00:16:10,653491 1 0x00007f45712e5700    info kmswebrtcsession          kmswebrtcsession.c:825 kms_webrtc_session_set_stun_server_info() <kmswebrtcsession45>  Using STUN server: 43.201.150.143:3478
2023-08-17T00:16:15,120698 1 0x00007f4504ff9700    info kmsutils                  kmsutils.c:522 kms_utils_pad_monitor_gaps() <'':sink_video_default>  Add probe: DISCONT buffers and GAP events
2023-08-17T00:16:15,122794 1 0x00007f4504ff9700    info basertpendpoint           kmsbasertpendpoint.c:1956 kms_base_rtp_endpoint_jitterbuffer_set_latency() <rtpjitterbuffer25>  Add probe: Set jitterbuffer latency
2023-08-17T00:16:15,122847 1 0x00007f4504ff9700    info basertpendpoint           kmsbasertpendpoint.c:2005 kms_base_rtp_endpoint_jitterbuffer_monitor_rtp_out() <rtpjitterbuffer25>  Add probe: Adjust jitterbuffer PTS out
2023-08-17T00:16:15,123222 1 0x00007f4504ff9700    info basertpendpoint           kmsbasertpendpoint.c:2050 kms_base_rtp_endpoint_jitterbuffer_monitor_rtcp_in() <rtpjitterbuffer25>  Add probe: Get jitterbuffer RTCP SR timing
2023-08-17T00:16:15,123401 1 0x00007f45267fc700    info basertpendpoint           kmsbasertpendpoint.c:1941 kms_base_rtp_endpoint_jitterbuffer_set_latency_probe() <rtpjitterbuffer25>  Setting latency to 100 ms
2023-08-17T00:16:15,123515 1 0x00007f45267fc700    info basertpendpoint           kmsbasertpendpoint.c:1944 kms_base_rtp_endpoint_jitterbuffer_set_latency_probe() <rtpjitterbuffer25>  Jitterbuffer latency set; remove probe
2023-08-17T00:16:15,124638 1 0x00007f45267fc700    info kmsutils                  kmsutils.c:1515 kms_utils_depayloader_monitor_pts_out() <rtpopusdepay12>  Add probe: Adjust depayloader PTS out
2023-08-17T00:16:15,127276 1 0x00007f45267fc700 warning kmsutils                  kmsutils.c:1456 kms_utils_depayloader_adjust_pts_out() <rtpopusdepay12>  Fix PTS not strictly increasing, last: 0:02:46.250422130, current: 0:02:46.250422130, fixed = last + 1: 0:02:46.251422130
2023-08-17T00:16:15,132041 1 0x00007f4504ff9700    info basertpendpoint           kmsbasertpendpoint.c:1956 kms_base_rtp_endpoint_jitterbuffer_set_latency() <rtpjitterbuffer26>  Add probe: Set jitterbuffer latency
2023-08-17T00:16:15,132102 1 0x00007f4504ff9700    info basertpendpoint           kmsbasertpendpoint.c:2005 kms_base_rtp_endpoint_jitterbuffer_monitor_rtp_out() <rtpjitterbuffer26>  Add probe: Adjust jitterbuffer PTS out
2023-08-17T00:16:15,132419 1 0x00007f4504ff9700    info basertpendpoint           kmsbasertpendpoint.c:2050 kms_base_rtp_endpoint_jitterbuffer_monitor_rtcp_in() <rtpjitterbuffer26>  Add probe: Get jitterbuffer RTCP SR timing
2023-08-17T00:16:15,132664 1 0x00007f45077fe700    info basertpendpoint           kmsbasertpendpoint.c:1941 kms_base_rtp_endpoint_jitterbuffer_set_latency_probe() <rtpjitterbuffer26>  Setting latency to 500 ms
2023-08-17T00:16:15,132763 1 0x00007f45077fe700    info basertpendpoint           kmsbasertpendpoint.c:1944 kms_base_rtp_endpoint_jitterbuffer_set_latency_probe() <rtpjitterbuffer26>  Jitterbuffer latency set; remove probe
2023-08-17T00:16:15,133535 1 0x00007f45077fe700    info kmsutils                  kmsutils.c:1515 kms_utils_depayloader_monitor_pts_out() <rtpvp8depay13>  Add probe: Adjust depayloader PTS out
2023-08-17T00:16:15,163548 1 0x00007f45077fe700    info kmsutils                  kmsutils.c:522 kms_utils_pad_monitor_gaps() <kmswebrtcendpoint45_kmsagnosticbin2-54:sink>  Add probe: DISCONT buffers and GAP events
2023-08-17T00:16:15,165350 1 0x00007f4506ffd700    info kmsutils                  kmsutils.c:522 kms_utils_pad_monitor_gaps() <kmsagnosticbin2-52:sink>  Add probe: DISCONT buffers and GAP events
2023-08-17T00:16:20,169071 1 0x00007f4570ae4700    info KurentoWebRtcEndpointImpl WebRtcEndpointImpl.cpp:572 WebRtcEndpointImpl()  No QOS-DSCP value set
2023-08-17T00:16:20,169149 1 0x00007f4570ae4700    info KurentoWebRtcEndpointImpl WebRtcEndpointImpl.cpp:112 remove_not_supported_codecs_from_array() <kmswebrtcendpoint46>  Removing not supported codec 'AMR/8000'
2023-08-17T00:16:20,182291 1 0x00007f4572ae8700    info basertpendpoint           kmsbasertpendpoint.c:1158 kms_base_rtp_endpoint_start_transport_send() <kmswebrtcendpoint46>  Media 'video' has REMB
2023-08-17T00:16:20,182354 1 0x00007f4572ae8700    info basertpendpoint           kmsbasertpendpoint.c:1103 kms_base_rtp_endpoint_create_remb_manager() <kmswebrtcendpoint46>  Creating REMB for session ID 0 (kmswebrtcendpoint46-sess0) and remote video SSRC 4294967295
2023-08-17T00:16:20,182390 1 0x00007f4572ae8700    info basertpendpoint           kmsbasertpendpoint.c:1114 kms_base_rtp_endpoint_create_remb_manager() <kmswebrtcendpoint46>  REMB: Set RTCP min interval to 500 ms
2023-08-17T00:16:20,184396 1 0x00007f4574aec700    info kmswebrtcsession          kmswebrtcsession.c:825 kms_webrtc_session_set_stun_server_info() <kmswebrtcsession46>  Using STUN server: 43.201.150.143:3478
2023-08-17T00:16:21,540158 1 0x00007f456e56d700    info kmsutils                  kmsutils.c:522 kms_utils_pad_monitor_gaps() <'':sink_video_default>  Add probe: DISCONT buffers and GAP events
2023-08-17T00:16:44,357535 1 0x00007f45712e5700    info KurentoWebRtcEndpointImpl WebRtcEndpointImpl.cpp:572 WebRtcEndpointImpl()  No QOS-DSCP value set
2023-08-17T00:16:44,357617 1 0x00007f45712e5700    info KurentoWebRtcEndpointImpl WebRtcEndpointImpl.cpp:112 remove_not_supported_codecs_from_array() <kmswebrtcendpoint47>  Removing not supported codec 'AMR/8000'
2023-08-17T00:16:44,358583 1 0x00007f45712e5700    info kmsutils                  kmsutils.c:522 kms_utils_pad_monitor_gaps() <'':sink_video_default>  Add probe: DISCONT buffers and GAP events
2023-08-17T00:16:44,370583 1 0x00007f45752ed700    info basertpendpoint           kmsbasertpendpoint.c:1158 kms_base_rtp_endpoint_start_transport_send() <kmswebrtcendpoint47>  Media 'video' has REMB
2023-08-17T00:16:44,370645 1 0x00007f45752ed700    info basertpendpoint           kmsbasertpendpoint.c:1103 kms_base_rtp_endpoint_create_remb_manager() <kmswebrtcendpoint47>  Creating REMB for session ID 0 (kmswebrtcendpoint47-sess0) and remote video SSRC 3385975953
2023-08-17T00:16:44,370679 1 0x00007f45752ed700    info basertpendpoint           kmsbasertpendpoint.c:1114 kms_base_rtp_endpoint_create_remb_manager() <kmswebrtcendpoint47>  REMB: Set RTCP min interval to 500 ms
2023-08-17T00:16:44,373499 1 0x00007f45722e7700    info kmswebrtcsession          kmswebrtcsession.c:825 kms_webrtc_session_set_stun_server_info() <kmswebrtcsession47>  Using STUN server: 43.201.150.143:3478
2023-08-17T00:16:44,415693 1 0x00007f45732e9700    info KurentoWebRtcEndpointImpl WebRtcEndpointImpl.cpp:572 WebRtcEndpointImpl()  No QOS-DSCP value set
2023-08-17T00:16:44,415762 1 0x00007f45732e9700    info KurentoWebRtcEndpointImpl WebRtcEndpointImpl.cpp:112 remove_not_supported_codecs_from_array() <kmswebrtcendpoint48>  Removing not supported codec 'AMR/8000'
2023-08-17T00:16:44,468071 1 0x00007f4572ae8700    info basertpendpoint           kmsbasertpendpoint.c:1158 kms_base_rtp_endpoint_start_transport_send() <kmswebrtcendpoint48>  Media 'video' has REMB
2023-08-17T00:16:44,468164 1 0x00007f4572ae8700    info basertpendpoint           kmsbasertpendpoint.c:1103 kms_base_rtp_endpoint_create_remb_manager() <kmswebrtcendpoint48>  Creating REMB for session ID 0 (kmswebrtcendpoint48-sess0) and remote video SSRC 4294967295
2023-08-17T00:16:44,468202 1 0x00007f4572ae8700    info basertpendpoint           kmsbasertpendpoint.c:1114 kms_base_rtp_endpoint_create_remb_manager() <kmswebrtcendpoint48>  REMB: Set RTCP min interval to 500 ms
2023-08-17T00:16:44,470890 1 0x00007f45732e9700    info kmswebrtcsession          kmswebrtcsession.c:825 kms_webrtc_session_set_stun_server_info() <kmswebrtcsession48>  Using STUN server: 43.201.150.143:3478
2023-08-17T00:16:45,252367 1 0x00007f44e97fa700    info kmsutils                  kmsutils.c:522 kms_utils_pad_monitor_gaps() <'':sink_video_default>  Add probe: DISCONT buffers and GAP events
2023-08-17T00:16:45,280803 1 0x00007f44e97fa700    info basertpendpoint           kmsbasertpendpoint.c:1956 kms_base_rtp_endpoint_jitterbuffer_set_latency() <rtpjitterbuffer27>  Add probe: Set jitterbuffer latency
2023-08-17T00:16:45,280865 1 0x00007f44e97fa700    info basertpendpoint           kmsbasertpendpoint.c:2005 kms_base_rtp_endpoint_jitterbuffer_monitor_rtp_out() <rtpjitterbuffer27>  Add probe: Adjust jitterbuffer PTS out
2023-08-17T00:16:45,281189 1 0x00007f44e97fa700    info basertpendpoint           kmsbasertpendpoint.c:2050 kms_base_rtp_endpoint_jitterbuffer_monitor_rtcp_in() <rtpjitterbuffer27>  Add probe: Get jitterbuffer RTCP SR timing
2023-08-17T00:16:45,281355 1 0x00007f44df7f6700    info basertpendpoint           kmsbasertpendpoint.c:1941 kms_base_rtp_endpoint_jitterbuffer_set_latency_probe() <rtpjitterbuffer27>  Setting latency to 100 ms
2023-08-17T00:16:45,281456 1 0x00007f44df7f6700    info basertpendpoint           kmsbasertpendpoint.c:1944 kms_base_rtp_endpoint_jitterbuffer_set_latency_probe() <rtpjitterbuffer27>  Jitterbuffer latency set; remove probe
2023-08-17T00:16:45,282580 1 0x00007f44df7f6700    info kmsutils                  kmsutils.c:1515 kms_utils_depayloader_monitor_pts_out() <rtpopusdepay13>  Add probe: Adjust depayloader PTS out
2023-08-17T00:16:45,285246 1 0x00007f44df7f6700 warning kmsutils                  kmsutils.c:1456 kms_utils_depayloader_adjust_pts_out() <rtpopusdepay13>  Fix PTS not strictly increasing, last: 0:03:16.399101970, current: 0:03:16.399101970, fixed = last + 1: 0:03:16.400101970
2023-08-17T00:16:45,295181 1 0x00007f44e97fa700    info basertpendpoint           kmsbasertpendpoint.c:1956 kms_base_rtp_endpoint_jitterbuffer_set_latency() <rtpjitterbuffer28>  Add probe: Set jitterbuffer latency
2023-08-17T00:16:45,295237 1 0x00007f44e97fa700    info basertpendpoint           kmsbasertpendpoint.c:2005 kms_base_rtp_endpoint_jitterbuffer_monitor_rtp_out() <rtpjitterbuffer28>  Add probe: Adjust jitterbuffer PTS out
2023-08-17T00:16:45,295527 1 0x00007f44e97fa700    info basertpendpoint           kmsbasertpendpoint.c:2050 kms_base_rtp_endpoint_jitterbuffer_monitor_rtcp_in() <rtpjitterbuffer28>  Add probe: Get jitterbuffer RTCP SR timing
2023-08-17T00:16:45,295741 1 0x00007f44ddff3700    info basertpendpoint           kmsbasertpendpoint.c:1941 kms_base_rtp_endpoint_jitterbuffer_set_latency_probe() <rtpjitterbuffer28>  Setting latency to 500 ms
2023-08-17T00:16:45,295831 1 0x00007f44ddff3700    info basertpendpoint           kmsbasertpendpoint.c:1944 kms_base_rtp_endpoint_jitterbuffer_set_latency_probe() <rtpjitterbuffer28>  Jitterbuffer latency set; remove probe
2023-08-17T00:16:45,296755 1 0x00007f44ddff3700    info kmsutils                  kmsutils.c:1515 kms_utils_depayloader_monitor_pts_out() <rtpvp8depay14>  Add probe: Adjust depayloader PTS out
2023-08-17T00:16:45,320817 1 0x00007f44ddff3700    info kmsutils                  kmsutils.c:522 kms_utils_pad_monitor_gaps() <kmswebrtcendpoint47_kmsagnosticbin2-58:sink>  Add probe: DISCONT buffers and GAP events
2023-08-17T00:16:45,322825 1 0x00007f44dd7f2700    info kmsutils                  kmsutils.c:522 kms_utils_pad_monitor_gaps() <kmsagnosticbin2-56:sink>  Add probe: DISCONT buffers and GAP events
2023-08-17T00:16:45,930343 1 0x00007f44e1ffb700    info kmsutils                  kmsutils.c:522 kms_utils_pad_monitor_gaps() <'':sink_video_default>  Add probe: DISCONT buffers and GAP events
2023-08-17T02:10:36,326784 1 0x00007f457a63d280    info KurentoMediaSet           MediaSet.cpp:109 deleteMediaSet()  Destroying mediaSet
2023-08-17T02:10:36,328665 1 0x00007f457a63d280    info KurentoMediaServer        main.cpp:266 main()  Kurento Media Server stopped
